<?xml version="1.0" encoding="UTF-8"?>
<testsuite name="com.example.project.TestInsertionSort" tests="6" skipped="0" failures="0" errors="0" timestamp="2025-02-25T17:11:25" hostname="codespaces-ae4a36" time="0.138">
  <properties/>
  <testcase name="testInsertionSort_Words()" classname="com.example.project.TestInsertionSort" time="0.109"/>
  <testcase name="testInsertionSort_EmptyArray()" classname="com.example.project.TestInsertionSort" time="0.002"/>
  <testcase name="testInsertionSort_ReverseSortedArray()" classname="com.example.project.TestInsertionSort" time="0.008"/>
  <testcase name="testInsertionSort_UnsortedArray()" classname="com.example.project.TestInsertionSort" time="0.002"/>
  <testcase name="testInsertionSort_AlreadySortedArray()" classname="com.example.project.TestInsertionSort" time="0.002"/>
  <testcase name="testInsertionSort_SingleElementArray()" classname="com.example.project.TestInsertionSort" time="0.001"/>
  <system-out><![CDATA[]]></system-out>
  <system-err><![CDATA[]]></system-err>
</testsuite>
